c:\users\пользователь\source\repos\aalcw\aalcw\debug\vc142.pdb
c:\users\пользователь\source\repos\aalcw\aalcw\debug\vc142.idb
c:\users\пользователь\source\repos\aalcw\aalcw\debug\03-mag.obj
c:\users\пользователь\source\repos\aalcw\aalcw\debug\06-rot.obj
c:\users\пользователь\source\repos\aalcw\aalcw\debug\str-draft.obj
c:\users\пользователь\source\repos\aalcw\aalcw\debug\07-dmp.obj
c:\users\пользователь\source\repos\aalcw\aalcw\debug\02-xpr.obj
c:\users\пользователь\source\repos\aalcw\aalcw\debug\09-fil.obj
c:\users\пользователь\source\repos\aalcw\aalcw\debug\04-add.obj
c:\users\пользователь\source\repos\aalcw\aalcw\debug\01-hel.obj
c:\users\пользователь\source\repos\aalcw\aalcw\debug\05-ser.obj
c:\users\пользователь\source\repos\aalcw\aalcw\debug\08-rnd.obj
c:\users\пользователь\source\repos\aalcw\aalcw\debug\dst_draft.obj
c:\users\пользователь\source\repos\aalcw\aalcw\debug\bit-draft.obj
c:\users\пользователь\source\repos\aalcw\debug\aalcw.ilk
c:\users\пользователь\source\repos\aalcw\debug\aalcw.exe
c:\users\пользователь\source\repos\aalcw\debug\aalcw.pdb
c:\users\пользователь\source\repos\aalcw\aalcw\debug\aalcw.tlog\cl.command.1.tlog
c:\users\пользователь\source\repos\aalcw\aalcw\debug\aalcw.tlog\cl.read.1.tlog
c:\users\пользователь\source\repos\aalcw\aalcw\debug\aalcw.tlog\cl.write.1.tlog
c:\users\пользователь\source\repos\aalcw\aalcw\debug\aalcw.tlog\link.command.1.tlog
c:\users\пользователь\source\repos\aalcw\aalcw\debug\aalcw.tlog\link.read.1.tlog
c:\users\пользователь\source\repos\aalcw\aalcw\debug\aalcw.tlog\link.write.1.tlog
